<?xml version="1.0" encoding="UTF-8"?>
<!-- Generated by org.testng.reporters.JUnitXMLReporter -->
<testsuite ignored="1" hostname="DESKTOP-GFQLNAB" failures="0" tests="1" name="Test" time="8.575" errors="0" timestamp="2026-03-31T22:40:02 IST">
  <testcase classname="testcases.TC002_LoginPage" name="verify_login" time="2.724"/>
  <testcase classname="testcases.TC001_AccountRegistrationPage" name="verify_account_registration" time="0.0">
    <ignored/>
  </testcase> <!-- verify_account_registration -->
</testsuite> <!-- Test -->
