<?xml version="1.0" encoding="UTF-8"?>
<testng-results ignored="0" total="1" passed="1" failed="0" skipped="0">
  <reporter-output>
  </reporter-output>
  <suite started-at="2026-04-03T17:05:28 IST" name="Suitename" finished-at="2026-04-03T17:05:37 IST" duration-ms="8657">
    <groups>
      <group name="Master">
        <method signature="TC002_LoginPage.verify_login()[pri:0, instance:testcases.TC002_LoginPage@3f9342d4]" name="verify_login" class="testcases.TC002_LoginPage"/>
      </group> <!-- Master -->
      <group name="sanity">
        <method signature="TC002_LoginPage.verify_login()[pri:0, instance:testcases.TC002_LoginPage@3f9342d4]" name="verify_login" class="testcases.TC002_LoginPage"/>
      </group> <!-- sanity -->
    </groups>
    <test started-at="2026-04-03T17:05:28 IST" name="Test" finished-at="2026-04-03T17:05:37 IST" duration-ms="8657">
      <class name="testcases.TC002_LoginPage">
        <test-method is-config="true" signature="setup(java.lang.String,java.lang.String)[pri:0, instance:testcases.TC002_LoginPage@3f9342d4]" started-at="2026-04-03T17:05:28 IST" name="setup" finished-at="2026-04-03T17:05:33 IST" duration-ms="4781" status="PASS">
          <params>
            <param index="0">
              <value>
                <![CDATA[windows]]>
              </value>
            </param>
            <param index="1">
              <value>
                <![CDATA[edge]]>
              </value>
            </param>
          </params>
          <reporter-output>
          </reporter-output>
        </test-method> <!-- setup -->
        <test-method signature="verify_login()[pri:0, instance:testcases.TC002_LoginPage@3f9342d4]" started-at="2026-04-03T17:05:33 IST" name="verify_login" finished-at="2026-04-03T17:05:36 IST" duration-ms="3076" status="PASS">
          <reporter-output>
          </reporter-output>
        </test-method> <!-- verify_login -->
        <test-method is-config="true" signature="teardown()[pri:0, instance:testcases.TC002_LoginPage@3f9342d4]" started-at="2026-04-03T17:05:36 IST" name="teardown" finished-at="2026-04-03T17:05:37 IST" duration-ms="302" status="PASS">
          <reporter-output>
          </reporter-output>
        </test-method> <!-- teardown -->
      </class> <!-- testcases.TC002_LoginPage -->
    </test> <!-- Test -->
  </suite> <!-- Suitename -->
</testng-results>
