<?xml version="1.0" encoding="UTF-8"?>
<testng-results ignored="0" total="6" passed="6" failed="0" skipped="0">
  <reporter-output>
  </reporter-output>
  <suite started-at="2026-04-05T17:05:51 IST" name="Suitename" finished-at="2026-04-05T17:07:06 IST" duration-ms="75399">
    <groups>
      <group name="Master">
        <method signature="TC002_LoginPage.verify_login()[pri:0, instance:testcases.TC002_LoginPage@5505ae1a]" name="verify_login" class="testcases.TC002_LoginPage"/>
      </group> <!-- Master -->
      <group name="sanity">
        <method signature="TC002_LoginPage.verify_login()[pri:0, instance:testcases.TC002_LoginPage@5505ae1a]" name="verify_login" class="testcases.TC002_LoginPage"/>
      </group> <!-- sanity -->
      <group name="Dataprovider">
        <method signature="TC003_LoginDDT.verify_loginDDT(java.lang.String,java.lang.String,java.lang.String)[pri:0, instance:testcases.TC003_LoginDDT@14fc1f0]" name="verify_loginDDT" class="testcases.TC003_LoginDDT"/>
      </group> <!-- Dataprovider -->
    </groups>
    <test started-at="2026-04-05T17:05:51 IST" name="Test" finished-at="2026-04-05T17:07:06 IST" duration-ms="75399">
      <class name="testcases.TC003_LoginDDT">
        <test-method is-config="true" signature="setup(java.lang.String,java.lang.String)[pri:0, instance:testcases.TC003_LoginDDT@14fc1f0]" started-at="2026-04-05T17:06:03 IST" name="setup" finished-at="2026-04-05T17:06:06 IST" duration-ms="3707" status="PASS">
          <params>
            <param index="0">
              <value>
                <![CDATA[windows]]>
              </value>
            </param>
            <param index="1">
              <value>
                <![CDATA[chrome]]>
              </value>
            </param>
          </params>
          <reporter-output>
          </reporter-output>
        </test-method> <!-- setup -->
        <test-method signature="verify_loginDDT(java.lang.String,java.lang.String,java.lang.String)[pri:0, instance:testcases.TC003_LoginDDT@14fc1f0]" started-at="2026-04-05T17:06:17 IST" name="verify_loginDDT" data-provider="Logindata" finished-at="2026-04-05T17:06:29 IST" duration-ms="11672" status="PASS">
          <params>
            <param index="0">
              <value>
                <![CDATA[demo123@gmail.com]]>
              </value>
            </param>
            <param index="1">
              <value>
                <![CDATA[demo@12325]]>
              </value>
            </param>
            <param index="2">
              <value>
                <![CDATA[invalid]]>
              </value>
            </param>
          </params>
          <reporter-output>
          </reporter-output>
        </test-method> <!-- verify_loginDDT -->
        <test-method signature="verify_loginDDT(java.lang.String,java.lang.String,java.lang.String)[pri:0, instance:testcases.TC003_LoginDDT@14fc1f0]" started-at="2026-04-05T17:06:29 IST" name="verify_loginDDT" data-provider="Logindata" finished-at="2026-04-05T17:06:41 IST" duration-ms="11915" status="PASS">
          <params>
            <param index="0">
              <value>
                <![CDATA[demo254@gmail.com]]>
              </value>
            </param>
            <param index="1">
              <value>
                <![CDATA[demo@124]]>
              </value>
            </param>
            <param index="2">
              <value>
                <![CDATA[invalid]]>
              </value>
            </param>
          </params>
          <reporter-output>
          </reporter-output>
        </test-method> <!-- verify_loginDDT -->
        <test-method signature="verify_loginDDT(java.lang.String,java.lang.String,java.lang.String)[pri:0, instance:testcases.TC003_LoginDDT@14fc1f0]" started-at="2026-04-05T17:06:41 IST" name="verify_loginDDT" data-provider="Logindata" finished-at="2026-04-05T17:06:52 IST" duration-ms="11245" status="PASS">
          <params>
            <param index="0">
              <value>
                <![CDATA[demofgfg@gmail.com]]>
              </value>
            </param>
            <param index="1">
              <value>
                <![CDATA[demo@125]]>
              </value>
            </param>
            <param index="2">
              <value>
                <![CDATA[invalid]]>
              </value>
            </param>
          </params>
          <reporter-output>
          </reporter-output>
        </test-method> <!-- verify_loginDDT -->
        <test-method signature="verify_loginDDT(java.lang.String,java.lang.String,java.lang.String)[pri:0, instance:testcases.TC003_LoginDDT@14fc1f0]" started-at="2026-04-05T17:06:52 IST" name="verify_loginDDT" data-provider="Logindata" finished-at="2026-04-05T17:06:54 IST" duration-ms="2080" status="PASS">
          <params>
            <param index="0">
              <value>
                <![CDATA[demo1234test@gmail.com]]>
              </value>
            </param>
            <param index="1">
              <value>
                <![CDATA[demo@1234]]>
              </value>
            </param>
            <param index="2">
              <value>
                <![CDATA[valid]]>
              </value>
            </param>
          </params>
          <reporter-output>
          </reporter-output>
        </test-method> <!-- verify_loginDDT -->
        <test-method signature="verify_loginDDT(java.lang.String,java.lang.String,java.lang.String)[pri:0, instance:testcases.TC003_LoginDDT@14fc1f0]" started-at="2026-04-05T17:06:54 IST" name="verify_loginDDT" data-provider="Logindata" finished-at="2026-04-05T17:07:06 IST" duration-ms="11336" status="PASS">
          <params>
            <param index="0">
              <value>
                <![CDATA[]]>
              </value>
            </param>
            <param index="1">
              <value>
                <![CDATA[]]>
              </value>
            </param>
            <param index="2">
              <value>
                <![CDATA[]]>
              </value>
            </param>
          </params>
          <reporter-output>
          </reporter-output>
        </test-method> <!-- verify_loginDDT -->
        <test-method is-config="true" signature="teardown()[pri:0, instance:testcases.TC003_LoginDDT@14fc1f0]" started-at="2026-04-05T17:07:06 IST" name="teardown" finished-at="2026-04-05T17:07:06 IST" duration-ms="318" status="PASS">
          <reporter-output>
          </reporter-output>
        </test-method> <!-- teardown -->
      </class> <!-- testcases.TC003_LoginDDT -->
      <class name="testcases.TC002_LoginPage">
        <test-method is-config="true" signature="setup(java.lang.String,java.lang.String)[pri:0, instance:testcases.TC002_LoginPage@5505ae1a]" started-at="2026-04-05T17:05:51 IST" name="setup" finished-at="2026-04-05T17:05:59 IST" duration-ms="7932" status="PASS">
          <params>
            <param index="0">
              <value>
                <![CDATA[windows]]>
              </value>
            </param>
            <param index="1">
              <value>
                <![CDATA[chrome]]>
              </value>
            </param>
          </params>
          <reporter-output>
          </reporter-output>
        </test-method> <!-- setup -->
        <test-method signature="verify_login()[pri:0, instance:testcases.TC002_LoginPage@5505ae1a]" started-at="2026-04-05T17:05:59 IST" name="verify_login" finished-at="2026-04-05T17:06:02 IST" duration-ms="3488" status="PASS">
          <reporter-output>
          </reporter-output>
        </test-method> <!-- verify_login -->
        <test-method is-config="true" signature="teardown()[pri:0, instance:testcases.TC002_LoginPage@5505ae1a]" started-at="2026-04-05T17:06:02 IST" name="teardown" finished-at="2026-04-05T17:06:03 IST" duration-ms="431" status="PASS">
          <reporter-output>
          </reporter-output>
        </test-method> <!-- teardown -->
      </class> <!-- testcases.TC002_LoginPage -->
    </test> <!-- Test -->
  </suite> <!-- Suitename -->
</testng-results>
