<?xml version="1.0" encoding="UTF-8"?>
<testng-results ignored="0" total="1" passed="1" failed="0" skipped="0">
  <reporter-output>
  </reporter-output>
  <suite started-at="2026-04-17T18:41:20 IST" name="Suite" finished-at="2026-04-17T18:42:40 IST" duration-ms="79431">
    <groups>
    </groups>
    <test started-at="2026-04-17T18:41:20 IST" name="Test" finished-at="2026-04-17T18:42:40 IST" duration-ms="79431">
      <class name="testcases.TC004_Search_content">
        <test-method is-config="true" signature="setup(java.lang.String,java.lang.String)[pri:0, instance:testcases.TC004_Search_content@531f4093]" started-at="2026-04-17T18:41:21 IST" name="setup" finished-at="2026-04-17T18:42:34 IST" duration-ms="73722" status="PASS">
          <params>
            <param index="0">
              <value>
                <![CDATA[windows]]>
              </value>
            </param>
            <param index="1">
              <value>
                <![CDATA[chrome]]>
              </value>
            </param>
          </params>
          <reporter-output>
          </reporter-output>
        </test-method> <!-- setup -->
        <test-method signature="verify_search()[pri:0, instance:testcases.TC004_Search_content@531f4093]" started-at="2026-04-17T18:42:34 IST" name="verify_search" finished-at="2026-04-17T18:42:40 IST" duration-ms="5465" status="PASS">
          <reporter-output>
          </reporter-output>
        </test-method> <!-- verify_search -->
      </class> <!-- testcases.TC004_Search_content -->
    </test> <!-- Test -->
  </suite> <!-- Suite -->
</testng-results>
