<?xml version="1.0" encoding="UTF-8"?>
<!-- Generated by org.testng.reporters.JUnitXMLReporter -->
<testsuite ignored="0" hostname="DESKTOP-GFQLNAB" failures="0" tests="6" name="Test" time="75.399" errors="0" timestamp="2026-04-05T17:07:07 IST">
  <testcase classname="testcases.TC002_LoginPage" name="verify_login" time="3.488"/>
  <testcase classname="testcases.TC003_LoginDDT" name="verify_loginDDT" time="11.672"/>
  <testcase classname="testcases.TC003_LoginDDT" name="verify_loginDDT" time="11.915"/>
  <testcase classname="testcases.TC003_LoginDDT" name="verify_loginDDT" time="11.245"/>
  <testcase classname="testcases.TC003_LoginDDT" name="verify_loginDDT" time="2.08"/>
  <testcase classname="testcases.TC003_LoginDDT" name="verify_loginDDT" time="11.336"/>
</testsuite> <!-- Test -->
