<?xml version="1.0" encoding="UTF-8"?>
<!-- Generated by org.testng.reporters.JUnitReportReporter -->
<testsuite hostname="DESKTOP-GFQLNAB" failures="0" tests="4" name="testcases.TC003_LoginDDT" time="37.341" errors="0" timestamp="2026-04-10T11:23:04 IST" skipped="0">
  <testcase classname="testcases.TC003_LoginDDT" name="verify_loginDDT" time="11.469"/>
  <testcase classname="testcases.TC003_LoginDDT" name="verify_loginDDT" time="2.169"/>
  <testcase classname="testcases.TC003_LoginDDT" name="verify_loginDDT" time="11.701"/>
  <testcase classname="testcases.TC003_LoginDDT" name="verify_loginDDT" time="12.002"/>
</testsuite> <!-- testcases.TC003_LoginDDT -->
