<?xml version="1.0" encoding="UTF-8"?>
<!-- Generated by org.testng.reporters.JUnitReportReporter -->
<testsuite hostname="DESKTOP-GFQLNAB" failures="0" tests="5" name="testcases.TC003_LoginDDT" time="52.986" errors="0" timestamp="2026-04-03T21:12:44 IST" skipped="0">
  <testcase classname="testcases.TC003_LoginDDT" name="verify_loginDDT" time="12.179"/>
  <testcase classname="testcases.TC003_LoginDDT" name="verify_loginDDT" time="12.771"/>
  <testcase classname="testcases.TC003_LoginDDT" name="verify_loginDDT" time="11.719"/>
  <testcase classname="testcases.TC003_LoginDDT" name="verify_loginDDT" time="3.543"/>
  <testcase classname="testcases.TC003_LoginDDT" name="verify_loginDDT" time="12.774"/>
</testsuite> <!-- testcases.TC003_LoginDDT -->
