<?xml version="1.0" encoding="UTF-8"?>
<!-- Generated by org.testng.reporters.JUnitReportReporter -->
<testsuite hostname="DESKTOP-GFQLNAB" failures="0" tests="5" name="testcases.TC003_LoginDDT" time="48.248" errors="0" timestamp="2026-04-05T17:07:08 IST" skipped="0">
  <testcase classname="testcases.TC003_LoginDDT" name="verify_loginDDT" time="11.245"/>
  <testcase classname="testcases.TC003_LoginDDT" name="verify_loginDDT" time="11.672"/>
  <testcase classname="testcases.TC003_LoginDDT" name="verify_loginDDT" time="2.080"/>
  <testcase classname="testcases.TC003_LoginDDT" name="verify_loginDDT" time="11.336"/>
  <testcase classname="testcases.TC003_LoginDDT" name="verify_loginDDT" time="11.915"/>
</testsuite> <!-- testcases.TC003_LoginDDT -->
