<?xml version="1.0" encoding="UTF-8"?>
<!-- Generated by org.testng.reporters.JUnitXMLReporter -->
<testsuite ignored="0" hostname="DESKTOP-GFQLNAB" failures="0" tests="4" name="Test" time="60.057" errors="0" timestamp="2026-04-10T11:23:03 IST">
  <testcase classname="testcases.TC003_LoginDDT" name="verify_loginDDT" time="12.002"/>
  <testcase classname="testcases.TC003_LoginDDT" name="verify_loginDDT" time="11.701"/>
  <testcase classname="testcases.TC003_LoginDDT" name="verify_loginDDT" time="11.469"/>
  <testcase classname="testcases.TC003_LoginDDT" name="verify_loginDDT" time="2.169"/>
</testsuite> <!-- Test -->
