<?xml version="1.0" encoding="UTF-8"?>
<!-- Generated by org.testng.reporters.JUnitXMLReporter -->
<testsuite ignored="0" hostname="DESKTOP-GFQLNAB" failures="0" tests="6" name="Test" time="70.053" errors="0" timestamp="2026-04-03T21:12:43 IST">
  <testcase classname="testcases.TC002_LoginPage" name="verify_login" time="3.087"/>
  <testcase classname="testcases.TC003_LoginDDT" name="verify_loginDDT" time="12.774"/>
  <testcase classname="testcases.TC003_LoginDDT" name="verify_loginDDT" time="12.179"/>
  <testcase classname="testcases.TC003_LoginDDT" name="verify_loginDDT" time="12.771"/>
  <testcase classname="testcases.TC003_LoginDDT" name="verify_loginDDT" time="3.543"/>
  <testcase classname="testcases.TC003_LoginDDT" name="verify_loginDDT" time="11.719"/>
</testsuite> <!-- Test -->
